====== v1.5.1 execution ======
Fri Sep 19 15:55:50 JST 2025
cx094
Fri Sep 19 15:55:50 2025       
+-----------------------------------------------------------------------------------------+
| NVIDIA-SMI 550.144.03             Driver Version: 550.144.03     CUDA Version: 12.4     |
|-----------------------------------------+------------------------+----------------------+
| GPU  Name                 Persistence-M | Bus-Id          Disp.A | Volatile Uncorr. ECC |
| Fan  Temp   Perf          Pwr:Usage/Cap |           Memory-Usage | GPU-Util  Compute M. |
|                                         |                        |               MIG M. |
|=========================================+========================+======================|
|   0  Tesla V100-SXM2-32GB           On  |   00000000:3D:00.0 Off |                    0 |
| N/A   27C    P0             41W /  300W |       1MiB /  32768MiB |      0%      Default |
|                                         |                        |                  N/A |
+-----------------------------------------+------------------------+----------------------+
|   1  Tesla V100-SXM2-32GB           On  |   00000000:3E:00.0 Off |                    0 |
| N/A   25C    P0             39W /  300W |       1MiB /  32768MiB |      0%      Default |
|                                         |                        |                  N/A |
+-----------------------------------------+------------------------+----------------------+
|   2  Tesla V100-SXM2-32GB           On  |   00000000:B1:00.0 Off |                    0 |
| N/A   27C    P0             40W /  300W |       1MiB /  32768MiB |      0%      Default |
|                                         |                        |                  N/A |
+-----------------------------------------+------------------------+----------------------+
|   3  Tesla V100-SXM2-32GB           On  |   00000000:B2:00.0 Off |                    0 |
| N/A   28C    P0             41W /  300W |       1MiB /  32768MiB |      0%      Default |
|                                         |                        |                  N/A |
+-----------------------------------------+------------------------+----------------------+
                                                                                         
+-----------------------------------------------------------------------------------------+
| Processes:                                                                              |
|  GPU   GI   CI        PID   Type   Process name                              GPU Memory |
|        ID   ID                                                               Usage      |
|=========================================================================================|
|  No running processes found                                                             |
+-----------------------------------------------------------------------------------------+
# GEMM CUDA Implementation v1.5.1
# Matrix dimensions: M=2048, N=2048, K=2048
# Data type: double precision (64-bit)
# Optimization: Fixed indexing and boundary checks
# Block size: 64x64, Block K: 16
# Thread tile: 4x4
# Number of CUDA devices: 4
# Using GPU: Tesla V100-SXM2-32GB
# Compute capability: 7.0
# Memory: 31.73 GB
# SMs: 80
# Grid: 32x32, Block: 16x16

# Warming up...

# Performance measurements:
# Trial  1: 4.373 ms, 3928.774 GFLOPS
# Trial  2: 4.357 ms, 3942.999 GFLOPS
# Trial  3: 4.365 ms, 3936.206 GFLOPS
# Trial  4: 4.361 ms, 3939.065 GFLOPS
# Trial  5: 4.357 ms, 3942.884 GFLOPS
# Trial  6: 4.361 ms, 3939.759 GFLOPS
# Trial  7: 4.354 ms, 3945.578 GFLOPS
# Trial  8: 4.355 ms, 3944.854 GFLOPS
# Trial  9: 4.361 ms, 3939.007 GFLOPS
# Trial 10: 4.353 ms, 3946.855 GFLOPS

# Final Results:
# Best time: 4.353 ms
# Best performance: 3946.855 GFLOPS
# Average time (excluding warmup): 4.358 ms
# Average performance: 3941.773 GFLOPS
# Max relative error: 4.35e-16
# Efficiency vs theoretical peak: 50.60%
# Accuracy: PASS (relative error < 1e-9)
====== End ======
Fri Sep 19 15:55:52 JST 2025
