Job started at: 2025-09-15T07:17:34Z
Node: cx090
Working directory: /data/group1/z42448z/VibeCodeHPC/GEMM/v0.6.10/multi/ex1
Mon Sep 15 16:17:34 2025       
+-----------------------------------------------------------------------------------------+
| NVIDIA-SMI 550.144.03             Driver Version: 550.144.03     CUDA Version: 12.4     |
|-----------------------------------------+------------------------+----------------------+
| GPU  Name                 Persistence-M | Bus-Id          Disp.A | Volatile Uncorr. ECC |
| Fan  Temp   Perf          Pwr:Usage/Cap |           Memory-Usage | GPU-Util  Compute M. |
|                                         |                        |               MIG M. |
|=========================================+========================+======================|
|   0  Tesla V100-SXM2-32GB           On  |   00000000:3D:00.0 Off |                    0 |
| N/A   28C    P0             42W /  300W |       1MiB /  32768MiB |      0%      Default |
|                                         |                        |                  N/A |
+-----------------------------------------+------------------------+----------------------+
|   1  Tesla V100-SXM2-32GB           On  |   00000000:3E:00.0 Off |                    0 |
| N/A   26C    P0             38W /  300W |       1MiB /  32768MiB |      0%      Default |
|                                         |                        |                  N/A |
+-----------------------------------------+------------------------+----------------------+
|   2  Tesla V100-SXM2-32GB           On  |   00000000:B1:00.0 Off |                    0 |
| N/A   25C    P0             41W /  300W |       1MiB /  32768MiB |      0%      Default |
|                                         |                        |                  N/A |
+-----------------------------------------+------------------------+----------------------+
|   3  Tesla V100-SXM2-32GB           On  |   00000000:B2:00.0 Off |                    0 |
| N/A   26C    P0             39W /  300W |       1MiB /  32768MiB |      0%      Default |
|                                         |                        |                  N/A |
+-----------------------------------------+------------------------+----------------------+
                                                                                         
+-----------------------------------------------------------------------------------------+
| Processes:                                                                              |
|  GPU   GI   CI        PID   Type   Process name                              GPU Memory |
|        ID   ID                                                               Usage      |
|=========================================================================================|
|  No running processes found                                                             |
+-----------------------------------------------------------------------------------------+
Running GEMM CUDA v1.0.0...
# GEMM CUDA Implementation v1.0.0
# Matrix dimensions: M=2048, N=2048, K=2048
# Data type: double precision (64-bit)
# Block size: 16 x 16
# Number of CUDA devices: 4
# Using GPU: Tesla V100-SXM2-32GB
# Compute capability: 7.0
# Memory: 31.73 GB
# SMs: 80
# Grid dimensions: 128 x 128
# Block dimensions: 16 x 16

# Performance measurements:
Trial 1: Time = 0.009539 sec, Performance = 1801.085 GFLOPS
Trial 2: Time = 0.009522 sec, Performance = 1804.165 GFLOPS
Trial 3: Time = 0.009512 sec, Performance = 1806.108 GFLOPS

# Average performance over 3 trials:
# Time = 0.009524 sec
# Performance = 1803.784 GFLOPS

# Computing reference on CPU...
# CPU Time = 67.050729 sec, Performance = 0.256 GFLOPS
# Relative error: 9.87e-17
# Accuracy test: PASSED
# Speedup: 7039.93x
# Memory usage: 0.125 GB
# Arithmetic intensity: 128.000 FLOPS/byte
Job ended at: 2025-09-15T07:18:42Z
