====== v1.4.0 execution ======
Mon Sep 15 16:45:04 JST 2025
cx090
Mon Sep 15 16:45:04 2025       
+-----------------------------------------------------------------------------------------+
| NVIDIA-SMI 550.144.03             Driver Version: 550.144.03     CUDA Version: 12.4     |
|-----------------------------------------+------------------------+----------------------+
| GPU  Name                 Persistence-M | Bus-Id          Disp.A | Volatile Uncorr. ECC |
| Fan  Temp   Perf          Pwr:Usage/Cap |           Memory-Usage | GPU-Util  Compute M. |
|                                         |                        |               MIG M. |
|=========================================+========================+======================|
|   0  Tesla V100-SXM2-32GB           On  |   00000000:3D:00.0 Off |                    0 |
| N/A   27C    P0             42W /  300W |       1MiB /  32768MiB |      0%      Default |
|                                         |                        |                  N/A |
+-----------------------------------------+------------------------+----------------------+
|   1  Tesla V100-SXM2-32GB           On  |   00000000:3E:00.0 Off |                    0 |
| N/A   25C    P0             38W /  300W |       1MiB /  32768MiB |      0%      Default |
|                                         |                        |                  N/A |
+-----------------------------------------+------------------------+----------------------+
|   2  Tesla V100-SXM2-32GB           On  |   00000000:B1:00.0 Off |                    0 |
| N/A   25C    P0             41W /  300W |       1MiB /  32768MiB |      0%      Default |
|                                         |                        |                  N/A |
+-----------------------------------------+------------------------+----------------------+
|   3  Tesla V100-SXM2-32GB           On  |   00000000:B2:00.0 Off |                    0 |
| N/A   26C    P0             39W /  300W |       1MiB /  32768MiB |      0%      Default |
|                                         |                        |                  N/A |
+-----------------------------------------+------------------------+----------------------+
                                                                                         
+-----------------------------------------------------------------------------------------+
| Processes:                                                                              |
|  GPU   GI   CI        PID   Type   Process name                              GPU Memory |
|        ID   ID                                                               Usage      |
|=========================================================================================|
|  No running processes found                                                             |
+-----------------------------------------------------------------------------------------+
# GEMM CUDA Implementation v1.4.0
# Matrix dimensions: M=2048, N=2048, K=2048
# Data type: double precision (64-bit)
# Optimization: Double buffering, read-only cache, 8x8 register tiling
# Block configuration: M=64, N=64, K=16
# Number of CUDA devices: 4
# Using GPU: Tesla V100-SXM2-32GB
# Compute capability: 7.0
# Memory: 31.73 GB
# SMs: 80
# Max threads per block: 1024
# Shared memory per block: 49152 bytes
# Registers per block: 65536
# Grid dimensions: 32 x 32
# Block dimensions: 16 x 16
# Shared memory usage: 32768 bytes (double buffered)

# Performance measurements:
# Trial 1: 5.192 ms, 3309.055 GFLOPS
# Trial 2: 5.095 ms, 3372.114 GFLOPS
# Trial 3: 5.115 ms, 3358.802 GFLOPS

# Final Results:
# Average time: 5.105 ms
# Average performance: 3365.445 GFLOPS
# Max relative error: 4.35e-16
# Efficiency vs theoretical peak: 43.15%
# Accuracy: PASS (relative error < 1e-9)
====== End ======
Mon Sep 15 16:45:09 JST 2025
