====== v1.3.0 execution ======
Mon Sep 15 16:40:22 JST 2025
cx090
Mon Sep 15 16:40:22 2025       
+-----------------------------------------------------------------------------------------+
| NVIDIA-SMI 550.144.03             Driver Version: 550.144.03     CUDA Version: 12.4     |
|-----------------------------------------+------------------------+----------------------+
| GPU  Name                 Persistence-M | Bus-Id          Disp.A | Volatile Uncorr. ECC |
| Fan  Temp   Perf          Pwr:Usage/Cap |           Memory-Usage | GPU-Util  Compute M. |
|                                         |                        |               MIG M. |
|=========================================+========================+======================|
|   0  Tesla V100-SXM2-32GB           On  |   00000000:3D:00.0 Off |                    0 |
| N/A   27C    P0             42W /  300W |       1MiB /  32768MiB |      0%      Default |
|                                         |                        |                  N/A |
+-----------------------------------------+------------------------+----------------------+
|   1  Tesla V100-SXM2-32GB           On  |   00000000:3E:00.0 Off |                    0 |
| N/A   25C    P0             38W /  300W |       1MiB /  32768MiB |      0%      Default |
|                                         |                        |                  N/A |
+-----------------------------------------+------------------------+----------------------+
|   2  Tesla V100-SXM2-32GB           On  |   00000000:B1:00.0 Off |                    0 |
| N/A   25C    P0             41W /  300W |       1MiB /  32768MiB |      0%      Default |
|                                         |                        |                  N/A |
+-----------------------------------------+------------------------+----------------------+
|   3  Tesla V100-SXM2-32GB           On  |   00000000:B2:00.0 Off |                    0 |
| N/A   26C    P0             39W /  300W |       1MiB /  32768MiB |      0%      Default |
|                                         |                        |                  N/A |
+-----------------------------------------+------------------------+----------------------+
                                                                                         
+-----------------------------------------------------------------------------------------+
| Processes:                                                                              |
|  GPU   GI   CI        PID   Type   Process name                              GPU Memory |
|        ID   ID                                                               Usage      |
|=========================================================================================|
|  No running processes found                                                             |
+-----------------------------------------------------------------------------------------+
# GEMM CUDA Implementation v1.3.0
# Matrix dimensions: M=2048, N=2048, K=2048
# Data type: double precision (64-bit)
# Optimization: cuBLAS with Tensor Core support
# Number of CUDA devices: 4
# Using GPU: Tesla V100-SXM2-32GB
# Compute capability: 7.0
# Memory: 31.73 GB
# SMs: 80
# Tensor Cores: Available
# Enabling Tensor Core acceleration

# Warming up cuBLAS...

# Performance measurements:
# Trial  1: 2.977 ms, 5770.820 GFLOPS
# Trial  2: 2.932 ms, 5858.670 GFLOPS
# Trial  3: 2.929 ms, 5865.583 GFLOPS
# Trial  4: 2.932 ms, 5858.862 GFLOPS
# Trial  5: 2.927 ms, 5868.981 GFLOPS
# Trial  6: 2.932 ms, 5858.925 GFLOPS
# Trial  7: 2.935 ms, 5853.942 GFLOPS
# Trial  8: 2.928 ms, 5866.672 GFLOPS
# Trial  9: 2.937 ms, 5850.307 GFLOPS
# Trial 10: 2.935 ms, 5853.241 GFLOPS

# Final Results:
# Best time: 2.927 ms
# Best performance: 5868.981 GFLOPS
# Average time (excluding warmup): 2.932 ms
# Average performance: 5859.557 GFLOPS
# Max relative error: 4.35e-16
# Efficiency vs theoretical peak: 75.24%
# Accuracy: PASS (relative error < 1e-9)

# cuBLAS Configuration:
# Math mode: CUBLAS_TENSOR_OP_MATH
# Algorithm: Automatic selection by cuBLAS
# Tensor Core usage: Enabled (when applicable)
====== End ======
Mon Sep 15 16:40:32 JST 2025
