====== v1.5.0 execution ======
Mon Sep 15 16:49:26 JST 2025
cx090
Mon Sep 15 16:49:26 2025       
+-----------------------------------------------------------------------------------------+
| NVIDIA-SMI 550.144.03             Driver Version: 550.144.03     CUDA Version: 12.4     |
|-----------------------------------------+------------------------+----------------------+
| GPU  Name                 Persistence-M | Bus-Id          Disp.A | Volatile Uncorr. ECC |
| Fan  Temp   Perf          Pwr:Usage/Cap |           Memory-Usage | GPU-Util  Compute M. |
|                                         |                        |               MIG M. |
|=========================================+========================+======================|
|   0  Tesla V100-SXM2-32GB           On  |   00000000:3D:00.0 Off |                    0 |
| N/A   27C    P0             42W /  300W |       1MiB /  32768MiB |      0%      Default |
|                                         |                        |                  N/A |
+-----------------------------------------+------------------------+----------------------+
|   1  Tesla V100-SXM2-32GB           On  |   00000000:3E:00.0 Off |                    0 |
| N/A   25C    P0             38W /  300W |       1MiB /  32768MiB |      0%      Default |
|                                         |                        |                  N/A |
+-----------------------------------------+------------------------+----------------------+
|   2  Tesla V100-SXM2-32GB           On  |   00000000:B1:00.0 Off |                    0 |
| N/A   25C    P0             41W /  300W |       1MiB /  32768MiB |      0%      Default |
|                                         |                        |                  N/A |
+-----------------------------------------+------------------------+----------------------+
|   3  Tesla V100-SXM2-32GB           On  |   00000000:B2:00.0 Off |                    0 |
| N/A   26C    P0             39W /  300W |       1MiB /  32768MiB |      0%      Default |
|                                         |                        |                  N/A |
+-----------------------------------------+------------------------+----------------------+
                                                                                         
+-----------------------------------------------------------------------------------------+
| Processes:                                                                              |
|  GPU   GI   CI        PID   Type   Process name                              GPU Memory |
|        ID   ID                                                               Usage      |
|=========================================================================================|
|  No running processes found                                                             |
+-----------------------------------------------------------------------------------------+
# GEMM CUDA Implementation v1.5.0
# Matrix dimensions: M=2048, N=2048, K=2048
# Data type: double precision (64-bit)
# Optimization: Maximum register usage, aggressive unrolling, double buffering
# Block configuration: M=128, N=128, K=8
# Thread tile: M=8, N=8
# Number of CUDA devices: 4
# Using GPU: Tesla V100-SXM2-32GB
# Compute capability: 7.0
# Memory: 31.73 GB
# SMs: 80
# Max threads per block: 1024
# Shared memory per block: 49152 bytes
# Registers per block: 65536
# Grid dimensions: 16 x 16
# Block dimensions: 256 threads
# Shared memory usage: 34944 bytes (double buffered with padding)

# Warming up...

# Performance measurements:
# Trial 1: 0.007 ms, 2581110.183 GFLOPS
# Trial 2: 0.003 ms, 5651272.576 GFLOPS
# Trial 3: 0.003 ms, 5711392.516 GFLOPS
# Trial 4: 0.003 ms, 5711392.516 GFLOPS
# Trial 5: 0.003 ms, 5651272.576 GFLOPS

# Final Results:
# Best time: 0.003 ms
# Best performance: 5711392.516 GFLOPS
# Average time: 0.003 ms
# Average performance: 5681173.498 GFLOPS
# Max relative error: 1.00e+00
# Efficiency vs theoretical peak: 73222.98%
# Accuracy: FAIL (relative error = 1.00e+00)
====== End ======
Mon Sep 15 16:49:29 JST 2025
